<?xml version="1.0"?>
<!DOCTYPE coverage SYSTEM "http://cobertura.sourceforge.net/xml/coverage-04.dtd">
<coverage 
line-rate="0.79" lines-valid="410" lines-covered="323" branches-valid="0" branches-covered="0" branch-rate="1.00" complexity="0" version="1.0" timestamp="1544748431969">
    <sources>
        <source>--source</source>
        <source>/home/omadas/dev/projects/scala/alpha-project/services/modules/core-service/src/main/scala</source>
        <source>/home/omadas/dev/projects/scala/alpha-project/services/modules/config/src/main/scala</source>
        <source>/home/omadas/dev/projects/scala/alpha-project/services/modules/logging/src/main/scala</source>
        <source>/home/omadas/dev/projects/scala/alpha-project/services/modules/users/src/main/scala</source>
        <source>/home/omadas/dev/projects/scala/alpha-project/services/modules/fp/src/main/scala</source>
    </sources>
    <packages>
        <package name="com.graboid.alpha.service.cors" line-rate="1.00" branch-rate="1.00" complexity="0">
            <classes>
                <class 
                name="com.graboid.alpha.service.cors.CorsStaging" filename="com/graboid/alpha/service/cors/CorsStaging.scala" line-rate="1.00" branch-rate="1.00" complexity="0">
                    <methods>
                        <method 
                        name="com.graboid.alpha.service.cors/CorsStaging/setAllowOrigin" signature="()V" line-rate="1.00" branch-rate="1.00" complexity="0">
                            <lines>
                                <line number="17" hits="1" branch="false"/>
                                <line number="17" hits="1" branch="false"/>
                                <line number="17" hits="1" branch="false"/>
                                <line number="16" hits="1" branch="false"/>
                                <line number="17" hits="1" branch="false"/>
                            </lines>
</method>
                        <method 
                        name="com.graboid.alpha.service.cors/CorsStaging/setAllowMethods" signature="()V" line-rate="1.00" branch-rate="1.00" complexity="0">
                            <lines>
                                <line number="20" hits="1" branch="false"/>
                                <line number="21" hits="1" branch="false"/>
                                <line number="21" hits="1" branch="false"/>
                                <line number="21" hits="1" branch="false"/>
                                <line number="21" hits="1" branch="false"/>
                            </lines>
</method>
                        <method 
                        name="com.graboid.alpha.service.cors/CorsStaging/stageHeader" signature="()V" line-rate="1.00" branch-rate="1.00" complexity="0">
                            <lines>
                                <line number="14" hits="1" branch="false"/>
                            </lines>
</method>
                        <method 
                        name="com.graboid.alpha.service.cors/CorsStaging/stageFlight" signature="()V" line-rate="1.00" branch-rate="1.00" complexity="0">
                            <lines>
                                <line number="39" hits="1" branch="false"/>
                                <line number="37" hits="1" branch="false"/>
                                <line number="38" hits="1" branch="false"/>
                                <line number="38" hits="1" branch="false"/>
                                <line number="39" hits="1" branch="false"/>
                                <line number="37" hits="1" branch="false"/>
                            </lines>
</method>
                        <method 
                        name="com.graboid.alpha.service.cors/CorsStaging/withCors" signature="()V" line-rate="1.00" branch-rate="1.00" complexity="0">
                            <lines>
                                <line number="43" hits="1" branch="false"/>
                                <line number="43" hits="1" branch="false"/>
                            </lines>
</method>
                        <method 
                        name="com.graboid.alpha.service.cors/CorsStaging/stageCors" signature="()V" line-rate="1.00" branch-rate="1.00" complexity="0">
                            <lines>
                                <line number="49" hits="1" branch="false"/>
                                <line number="49" hits="1" branch="false"/>
                                <line number="49" hits="1" branch="false"/>
                                <line number="49" hits="1" branch="false"/>
                                <line number="49" hits="1" branch="false"/>
                                <line number="49" hits="1" branch="false"/>
                                <line number="49" hits="1" branch="false"/>
                                <line number="49" hits="1" branch="false"/>
                            </lines>
</method>
                        <method 
                        name="com.graboid.alpha.service.cors/CorsStaging/getHeaders" signature="()V" line-rate="1.00" branch-rate="1.00" complexity="0">
                            <lines>
                                <line number="28" hits="1" branch="false"/>
                                <line number="28" hits="1" branch="false"/>
                            </lines>
</method>
                        <method 
                        name="com.graboid.alpha.service.cors/CorsStaging/stagePreFlight" signature="()V" line-rate="1.00" branch-rate="1.00" complexity="0">
                            <lines>
                                <line number="31" hits="1" branch="false"/>
                                <line number="32" hits="1" branch="false"/>
                                <line number="33" hits="1" branch="false"/>
                                <line number="31" hits="1" branch="false"/>
                                <line number="32" hits="1" branch="false"/>
                                <line number="33" hits="1" branch="false"/>
                            </lines>
</method>
                        <method 
                        name="com.graboid.alpha.service.cors/CorsStaging/cors" signature="()V" line-rate="1.00" branch-rate="1.00" complexity="0">
                            <lines>
                                <line number="52" hits="1" branch="false"/>
                                <line number="52" hits="1" branch="false"/>
                                <line number="52" hits="1" branch="false"/>
                            </lines>
</method>
                        <method 
                        name="com.graboid.alpha.service.cors/CorsStaging/setAllowCreds" signature="()V" line-rate="1.00" branch-rate="1.00" complexity="0">
                            <lines>
                                <line number="25" hits="1" branch="false"/>
                                <line number="25" hits="1" branch="false"/>
                                <line number="24" hits="1" branch="false"/>
                                <line number="25" hits="1" branch="false"/>
                                <line number="25" hits="1" branch="false"/>
                            </lines>
</method>
                        <method 
                        name="com.graboid.alpha.service.cors/CorsStaging/eval" signature="()V" line-rate="1.00" branch-rate="1.00" complexity="0">
                            <lines>
                                <line number="46" hits="1" branch="false"/>
                                <line number="46" hits="1" branch="false"/>
                                <line number="46" hits="1" branch="false"/>
                                <line number="46" hits="1" branch="false"/>
                                <line number="46" hits="1" branch="false"/>
                                <line number="46" hits="1" branch="false"/>
                            </lines>
</method>
                    </methods>
                    <lines>
                        <line number="43" hits="1" branch="false"/>
                        <line number="52" hits="1" branch="false"/>
                        <line number="49" hits="1" branch="false"/>
                        <line number="31" hits="1" branch="false"/>
                        <line number="25" hits="1" branch="false"/>
                        <line number="43" hits="1" branch="false"/>
                        <line number="49" hits="1" branch="false"/>
                        <line number="25" hits="1" branch="false"/>
                        <line number="32" hits="1" branch="false"/>
                        <line number="17" hits="1" branch="false"/>
                        <line number="39" hits="1" branch="false"/>
                        <line number="14" hits="1" branch="false"/>
                        <line number="52" hits="1" branch="false"/>
                        <line number="52" hits="1" branch="false"/>
                        <line number="17" hits="1" branch="false"/>
                        <line number="37" hits="1" branch="false"/>
                        <line number="33" hits="1" branch="false"/>
                        <line number="49" hits="1" branch="false"/>
                        <line number="31" hits="1" branch="false"/>
                        <line number="49" hits="1" branch="false"/>
                        <line number="17" hits="1" branch="false"/>
                        <line number="38" hits="1" branch="false"/>
                        <line number="46" hits="1" branch="false"/>
                        <line number="46" hits="1" branch="false"/>
                        <line number="20" hits="1" branch="false"/>
                        <line number="21" hits="1" branch="false"/>
                        <line number="21" hits="1" branch="false"/>
                        <line number="32" hits="1" branch="false"/>
                        <line number="46" hits="1" branch="false"/>
                        <line number="49" hits="1" branch="false"/>
                        <line number="24" hits="1" branch="false"/>
                        <line number="25" hits="1" branch="false"/>
                        <line number="21" hits="1" branch="false"/>
                        <line number="28" hits="1" branch="false"/>
                        <line number="46" hits="1" branch="false"/>
                        <line number="49" hits="1" branch="false"/>
                        <line number="38" hits="1" branch="false"/>
                        <line number="49" hits="1" branch="false"/>
                        <line number="33" hits="1" branch="false"/>
                        <line number="21" hits="1" branch="false"/>
                        <line number="46" hits="1" branch="false"/>
                        <line number="39" hits="1" branch="false"/>
                        <line number="28" hits="1" branch="false"/>
                        <line number="16" hits="1" branch="false"/>
                        <line number="49" hits="1" branch="false"/>
                        <line number="17" hits="1" branch="false"/>
                        <line number="46" hits="1" branch="false"/>
                        <line number="37" hits="1" branch="false"/>
                        <line number="25" hits="1" branch="false"/>
                    </lines>
</class>
                <class 
                name="com.graboid.alpha.service.cors.CorsRouting" filename="com/graboid/alpha/service/cors/CorsRouting.scala" line-rate="1.00" branch-rate="1.00" complexity="0">
                    <methods>
                        <method 
                        name="com.graboid.alpha.service.cors/CorsRouting/buildCors" signature="()V" line-rate="1.00" branch-rate="1.00" complexity="0">
                            <lines>
                                <line number="12" hits="1" branch="false"/>
                                <line number="14" hits="1" branch="false"/>
                                <line number="10" hits="1" branch="false"/>
                                <line number="13" hits="1" branch="false"/>
                                <line number="12" hits="1" branch="false"/>
                                <line number="13" hits="1" branch="false"/>
                                <line number="10" hits="1" branch="false"/>
                                <line number="13" hits="1" branch="false"/>
                                <line number="13" hits="1" branch="false"/>
                                <line number="14" hits="1" branch="false"/>
                                <line number="12" hits="1" branch="false"/>
                                <line number="13" hits="1" branch="false"/>
                                <line number="14" hits="1" branch="false"/>
                                <line number="12" hits="1" branch="false"/>
                                <line number="13" hits="1" branch="false"/>
                                <line number="13" hits="1" branch="false"/>
                            </lines>
</method>
                    </methods>
                    <lines>
                        <line number="12" hits="1" branch="false"/>
                        <line number="14" hits="1" branch="false"/>
                        <line number="10" hits="1" branch="false"/>
                        <line number="13" hits="1" branch="false"/>
                        <line number="12" hits="1" branch="false"/>
                        <line number="13" hits="1" branch="false"/>
                        <line number="10" hits="1" branch="false"/>
                        <line number="13" hits="1" branch="false"/>
                        <line number="13" hits="1" branch="false"/>
                        <line number="14" hits="1" branch="false"/>
                        <line number="12" hits="1" branch="false"/>
                        <line number="13" hits="1" branch="false"/>
                        <line number="14" hits="1" branch="false"/>
                        <line number="12" hits="1" branch="false"/>
                        <line number="13" hits="1" branch="false"/>
                        <line number="13" hits="1" branch="false"/>
                    </lines>
</class>
            </classes>
        </package>
        <package name="com.graboids.alpha.logging" line-rate="1.00" branch-rate="1.00" complexity="0">
            <classes>
                <class 
                name="com.graboids.alpha.logging.Logging" filename="com/graboids/alpha/logging/Logging.scala" line-rate="1.00" branch-rate="1.00" complexity="0">
                    <methods>
                        <method 
                        name="com.graboids.alpha.logging/Logging/log" signature="()V" line-rate="1.00" branch-rate="1.00" complexity="0">
                            <lines>
                                <line number="9" hits="1" branch="false"/>
                            </lines>
</method>
                    </methods>
                    <lines>
                        <line number="9" hits="1" branch="false"/>
                    </lines>
</class>
                <class 
                name="com.graboids.alpha.logging.Loggings" filename="com/graboids/alpha/logging/Loggings.scala" line-rate="1.00" branch-rate="1.00" complexity="0">
                    <methods>
                        <method 
                        name="com.graboids.alpha.logging/Loggings/logOps" signature="()V" line-rate="1.00" branch-rate="1.00" complexity="0">
                            <lines>
                                <line number="4" hits="1" branch="false"/>
                            </lines>
</method>
                    </methods>
                    <lines>
                        <line number="4" hits="1" branch="false"/>
                    </lines>
</class>
                <class 
                name="com.graboids.alpha.logging.LogOps" filename="com/graboids/alpha/logging/Loggings.scala" line-rate="1.00" branch-rate="1.00" complexity="0">
                    <methods>
                        <method 
                        name="com.graboids.alpha.logging/LogOps/info" signature="()V" line-rate="1.00" branch-rate="1.00" complexity="0">
                            <lines>
                                <line number="8" hits="1" branch="false"/>
                            </lines>
</method>
                        <method 
                        name="com.graboids.alpha.logging/LogOps/warn" signature="()V" line-rate="1.00" branch-rate="1.00" complexity="0">
                            <lines>
                                <line number="10" hits="1" branch="false"/>
                            </lines>
</method>
                        <method 
                        name="com.graboids.alpha.logging/LogOps/error" signature="()V" line-rate="1.00" branch-rate="1.00" complexity="0">
                            <lines>
                                <line number="12" hits="1" branch="false"/>
                            </lines>
</method>
                    </methods>
                    <lines>
                        <line number="12" hits="1" branch="false"/>
                        <line number="10" hits="1" branch="false"/>
                        <line number="8" hits="1" branch="false"/>
                    </lines>
</class>
            </classes>
        </package>
        <package name="com.graboids.alpha.logging.io" line-rate="0.00" branch-rate="0.00" complexity="0">
            <classes>
                <class 
                name="com.graboids.alpha.logging.io.Logs" filename="com/graboids/alpha/logging/io/Logs.scala" line-rate="0.00" branch-rate="0.00" complexity="0">
                    <methods>
                        <method 
                        name="com.graboids.alpha.logging.io/Logs/logging" signature="()V" line-rate="0.00" branch-rate="0.00" complexity="0">
                            <lines>
                                <line number="7" hits="0" branch="false"/>
                            </lines>
</method>
                    </methods>
                    <lines>
                        <line number="7" hits="0" branch="false"/>
                    </lines>
</class>
            </classes>
        </package>
        <package name="com.graboids.alpha.service.config" line-rate="1.00" branch-rate="1.00" complexity="0">
            <classes>
                <class 
                name="com.graboids.alpha.service.config.ServerReaders" filename="com/graboids/alpha/service/config/ServerReaders.scala" line-rate="1.00" branch-rate="1.00" complexity="0">
                    <methods>
                        <method 
                        name="com.graboids.alpha.service.config/ServerReaders/readCorsOrigin" signature="()V" line-rate="1.00" branch-rate="1.00" complexity="0">
                            <lines>
                                <line number="12" hits="1" branch="false"/>
                                <line number="12" hits="1" branch="false"/>
                                <line number="12" hits="1" branch="false"/>
                            </lines>
</method>
                        <method 
                        name="com.graboids.alpha.service.config/ServerReaders/readBindings" signature="()V" line-rate="1.00" branch-rate="1.00" complexity="0">
                            <lines>
                                <line number="10" hits="1" branch="false"/>
                                <line number="10" hits="1" branch="false"/>
                            </lines>
</method>
                        <method 
                        name="com.graboids.alpha.service.config/ServerReaders/readServerHost" signature="()V" line-rate="1.00" branch-rate="1.00" complexity="0">
                            <lines>
                                <line number="13" hits="1" branch="false"/>
                                <line number="13" hits="1" branch="false"/>
                                <line number="13" hits="1" branch="false"/>
                            </lines>
</method>
                        <method 
                        name="com.graboids.alpha.service.config/ServerReaders/readServerPort" signature="()V" line-rate="1.00" branch-rate="1.00" complexity="0">
                            <lines>
                                <line number="14" hits="1" branch="false"/>
                                <line number="14" hits="1" branch="false"/>
                                <line number="14" hits="1" branch="false"/>
                            </lines>
</method>
                        <method 
                        name="com.graboids.alpha.service.config/ServerReaders/readCors" signature="()V" line-rate="1.00" branch-rate="1.00" complexity="0">
                            <lines>
                                <line number="11" hits="1" branch="false"/>
                                <line number="11" hits="1" branch="false"/>
                            </lines>
</method>
                        <method 
                        name="com.graboids.alpha.service.config/ServerReaders/readServer" signature="()V" line-rate="1.00" branch-rate="1.00" complexity="0">
                            <lines>
                                <line number="8" hits="1" branch="false"/>
                            </lines>
</method>
                    </methods>
                    <lines>
                        <line number="14" hits="1" branch="false"/>
                        <line number="8" hits="1" branch="false"/>
                        <line number="10" hits="1" branch="false"/>
                        <line number="13" hits="1" branch="false"/>
                        <line number="10" hits="1" branch="false"/>
                        <line number="11" hits="1" branch="false"/>
                        <line number="14" hits="1" branch="false"/>
                        <line number="12" hits="1" branch="false"/>
                        <line number="13" hits="1" branch="false"/>
                        <line number="12" hits="1" branch="false"/>
                        <line number="13" hits="1" branch="false"/>
                        <line number="11" hits="1" branch="false"/>
                        <line number="14" hits="1" branch="false"/>
                        <line number="12" hits="1" branch="false"/>
                    </lines>
</class>
                <class 
                name="com.graboids.alpha.service.config.ConfigParsing" filename="com/graboids/alpha/service/config/ConfigParsing.scala" line-rate="1.00" branch-rate="1.00" complexity="0">
                    <methods>
                        <method 
                        name="com.graboids.alpha.service.config/ConfigParsing/resolveHost" signature="()V" line-rate="1.00" branch-rate="1.00" complexity="0">
                            <lines>
                                <line number="14" hits="1" branch="false"/>
                                <line number="14" hits="1" branch="false"/>
                                <line number="14" hits="1" branch="false"/>
                                <line number="14" hits="1" branch="false"/>
                                <line number="14" hits="1" branch="false"/>
                                <line number="14" hits="1" branch="false"/>
                                <line number="14" hits="1" branch="false"/>
                            </lines>
</method>
                        <method 
                        name="com.graboids.alpha.service.config/ConfigParsing/resolveServer" signature="()V" line-rate="1.00" branch-rate="1.00" complexity="0">
                            <lines>
                                <line number="19" hits="1" branch="false"/>
                                <line number="19" hits="1" branch="false"/>
                                <line number="19" hits="1" branch="false"/>
                                <line number="19" hits="1" branch="false"/>
                                <line number="19" hits="1" branch="false"/>
                                <line number="19" hits="1" branch="false"/>
                                <line number="19" hits="1" branch="false"/>
                                <line number="19" hits="1" branch="false"/>
                                <line number="19" hits="1" branch="false"/>
                            </lines>
</method>
                        <method 
                        name="com.graboids.alpha.service.config/ConfigParsing/resolveBindings" signature="()V" line-rate="1.00" branch-rate="1.00" complexity="0">
                            <lines>
                                <line number="17" hits="1" branch="false"/>
                                <line number="17" hits="1" branch="false"/>
                                <line number="17" hits="1" branch="false"/>
                                <line number="17" hits="1" branch="false"/>
                                <line number="17" hits="1" branch="false"/>
                                <line number="17" hits="1" branch="false"/>
                                <line number="17" hits="1" branch="false"/>
                                <line number="17" hits="1" branch="false"/>
                                <line number="17" hits="1" branch="false"/>
                                <line number="17" hits="1" branch="false"/>
                                <line number="17" hits="1" branch="false"/>
                                <line number="17" hits="1" branch="false"/>
                                <line number="17" hits="1" branch="false"/>
                                <line number="17" hits="1" branch="false"/>
                                <line number="17" hits="1" branch="false"/>
                                <line number="17" hits="1" branch="false"/>
                                <line number="17" hits="1" branch="false"/>
                            </lines>
</method>
                        <method 
                        name="com.graboids.alpha.service.config/ConfigParsing/resolveCors" signature="()V" line-rate="1.00" branch-rate="1.00" complexity="0">
                            <lines>
                                <line number="11" hits="1" branch="false"/>
                                <line number="11" hits="1" branch="false"/>
                                <line number="11" hits="1" branch="false"/>
                                <line number="11" hits="1" branch="false"/>
                                <line number="11" hits="1" branch="false"/>
                                <line number="11" hits="1" branch="false"/>
                                <line number="11" hits="1" branch="false"/>
                                <line number="11" hits="1" branch="false"/>
                            </lines>
</method>
                        <method 
                        name="com.graboids.alpha.service.config/ConfigParsing/resolvePort" signature="()V" line-rate="1.00" branch-rate="1.00" complexity="0">
                            <lines>
                                <line number="13" hits="1" branch="false"/>
                                <line number="13" hits="1" branch="false"/>
                                <line number="13" hits="1" branch="false"/>
                                <line number="13" hits="1" branch="false"/>
                                <line number="13" hits="1" branch="false"/>
                                <line number="13" hits="1" branch="false"/>
                                <line number="13" hits="1" branch="false"/>
                            </lines>
</method>
                        <method 
                        name="com.graboids.alpha.service.config/ConfigParsing/resolveOrigin" signature="()V" line-rate="1.00" branch-rate="1.00" complexity="0">
                            <lines>
                                <line number="10" hits="1" branch="false"/>
                                <line number="10" hits="1" branch="false"/>
                                <line number="10" hits="1" branch="false"/>
                            </lines>
</method>
                    </methods>
                    <lines>
                        <line number="13" hits="1" branch="false"/>
                        <line number="14" hits="1" branch="false"/>
                        <line number="13" hits="1" branch="false"/>
                        <line number="17" hits="1" branch="false"/>
                        <line number="17" hits="1" branch="false"/>
                        <line number="14" hits="1" branch="false"/>
                        <line number="10" hits="1" branch="false"/>
                        <line number="17" hits="1" branch="false"/>
                        <line number="10" hits="1" branch="false"/>
                        <line number="19" hits="1" branch="false"/>
                        <line number="17" hits="1" branch="false"/>
                        <line number="17" hits="1" branch="false"/>
                        <line number="19" hits="1" branch="false"/>
                        <line number="14" hits="1" branch="false"/>
                        <line number="13" hits="1" branch="false"/>
                        <line number="17" hits="1" branch="false"/>
                        <line number="11" hits="1" branch="false"/>
                        <line number="11" hits="1" branch="false"/>
                        <line number="14" hits="1" branch="false"/>
                        <line number="14" hits="1" branch="false"/>
                        <line number="19" hits="1" branch="false"/>
                        <line number="17" hits="1" branch="false"/>
                        <line number="17" hits="1" branch="false"/>
                        <line number="13" hits="1" branch="false"/>
                        <line number="17" hits="1" branch="false"/>
                        <line number="17" hits="1" branch="false"/>
                        <line number="17" hits="1" branch="false"/>
                        <line number="14" hits="1" branch="false"/>
                        <line number="17" hits="1" branch="false"/>
                        <line number="17" hits="1" branch="false"/>
                        <line number="17" hits="1" branch="false"/>
                        <line number="11" hits="1" branch="false"/>
                        <line number="11" hits="1" branch="false"/>
                        <line number="19" hits="1" branch="false"/>
                        <line number="10" hits="1" branch="false"/>
                        <line number="17" hits="1" branch="false"/>
                        <line number="17" hits="1" branch="false"/>
                        <line number="13" hits="1" branch="false"/>
                        <line number="17" hits="1" branch="false"/>
                        <line number="19" hits="1" branch="false"/>
                        <line number="11" hits="1" branch="false"/>
                        <line number="13" hits="1" branch="false"/>
                        <line number="11" hits="1" branch="false"/>
                        <line number="11" hits="1" branch="false"/>
                        <line number="11" hits="1" branch="false"/>
                        <line number="19" hits="1" branch="false"/>
                        <line number="19" hits="1" branch="false"/>
                        <line number="19" hits="1" branch="false"/>
                        <line number="19" hits="1" branch="false"/>
                        <line number="13" hits="1" branch="false"/>
                        <line number="14" hits="1" branch="false"/>
                    </lines>
</class>
            </classes>
        </package>
        <package name="com.graboids.alpha.service.dto" line-rate="0.92" branch-rate="1.00" complexity="0">
            <classes>
                <class 
                name="com.graboids.alpha.service.dto.Messages" filename="com/graboids/alpha/service/dto/Message.scala" line-rate="1.00" branch-rate="1.00" complexity="0">
                    <methods>
                        <method 
                        name="com.graboids.alpha.service.dto/Messages/messageDesc" signature="()V" line-rate="1.00" branch-rate="1.00" complexity="0">
                            <lines>
                                <line number="18" hits="1" branch="false"/>
                                <line number="18" hits="1" branch="false"/>
                            </lines>
</method>
                        <method 
                        name="com.graboids.alpha.service.dto/Messages/readMessage" signature="()V" line-rate="1.00" branch-rate="1.00" complexity="0">
                            <lines>
                                <line number="15" hits="1" branch="false"/>
                            </lines>
</method>
                        <method 
                        name="com.graboids.alpha.service.dto/Messages/messageType" signature="()V" line-rate="1.00" branch-rate="1.00" complexity="0">
                            <lines>
                                <line number="17" hits="1" branch="false"/>
                                <line number="17" hits="1" branch="false"/>
                            </lines>
</method>
                    </methods>
                    <lines>
                        <line number="15" hits="1" branch="false"/>
                        <line number="18" hits="1" branch="false"/>
                        <line number="17" hits="1" branch="false"/>
                        <line number="17" hits="1" branch="false"/>
                        <line number="18" hits="1" branch="false"/>
                    </lines>
</class>
                <class 
                name="com.graboids.alpha.service.dto.ValueObjects" filename="com/graboids/alpha/service/dto/ValueObjects.scala" line-rate="0.90" branch-rate="1.00" complexity="0">
                    <methods>
                        <method 
                        name="com.graboids.alpha.service.dto/ValueObjects/read" signature="()V" line-rate="0.60" branch-rate="1.00" complexity="0">
                            <lines>
                                <line number="22" hits="0" branch="false"/>
                                <line number="21" hits="1" branch="false"/>
                                <line number="20" hits="1" branch="false"/>
                                <line number="10" hits="0" branch="false"/>
                                <line number="21" hits="1" branch="false"/>
                            </lines>
</method>
                        <method 
                        name="com.graboids.alpha.service.dto/ValueObjects/write" signature="()V" line-rate="1.00" branch-rate="1.00" complexity="0">
                            <lines>
                                <line number="28" hits="1" branch="false"/>
                                <line number="30" hits="1" branch="false"/>
                                <line number="29" hits="1" branch="false"/>
                                <line number="28" hits="1" branch="false"/>
                                <line number="28" hits="1" branch="false"/>
                                <line number="14" hits="1" branch="false"/>
                                <line number="6" hits="1" branch="false"/>
                                <line number="15" hits="1" branch="false"/>
                                <line number="25" hits="1" branch="false"/>
                                <line number="19" hits="1" branch="false"/>
                                <line number="29" hits="1" branch="false"/>
                                <line number="28" hits="1" branch="false"/>
                                <line number="30" hits="1" branch="false"/>
                                <line number="29" hits="1" branch="false"/>
                                <line number="30" hits="1" branch="false"/>
                                <line number="29" hits="1" branch="false"/>
                            </lines>
</method>
                    </methods>
                    <lines>
                        <line number="28" hits="1" branch="false"/>
                        <line number="30" hits="1" branch="false"/>
                        <line number="29" hits="1" branch="false"/>
                        <line number="28" hits="1" branch="false"/>
                        <line number="22" hits="0" branch="false"/>
                        <line number="21" hits="1" branch="false"/>
                        <line number="28" hits="1" branch="false"/>
                        <line number="14" hits="1" branch="false"/>
                        <line number="6" hits="1" branch="false"/>
                        <line number="15" hits="1" branch="false"/>
                        <line number="25" hits="1" branch="false"/>
                        <line number="19" hits="1" branch="false"/>
                        <line number="29" hits="1" branch="false"/>
                        <line number="20" hits="1" branch="false"/>
                        <line number="28" hits="1" branch="false"/>
                        <line number="30" hits="1" branch="false"/>
                        <line number="29" hits="1" branch="false"/>
                        <line number="30" hits="1" branch="false"/>
                        <line number="10" hits="0" branch="false"/>
                        <line number="21" hits="1" branch="false"/>
                        <line number="29" hits="1" branch="false"/>
                    </lines>
</class>
            </classes>
        </package>
        <package name="com.graboids.alpha.service.logging.slf4j" line-rate="0.00" branch-rate="0.00" complexity="0">
            <classes>
                <class 
                name="com.graboids.alpha.service.logging.slf4j.Logs" filename="com/graboids/alpha/service/logging/slf4j/Logs.scala" line-rate="0.00" branch-rate="0.00" complexity="0">
                    <methods>
                        <method 
                        name="com.graboids.alpha.service.logging.slf4j/Logs/logInfo" signature="()V" line-rate="0.00" branch-rate="0.00" complexity="0">
                            <lines>
                                <line number="8" hits="0" branch="false"/>
                                <line number="8" hits="0" branch="false"/>
                            </lines>
</method>
                    </methods>
                    <lines>
                        <line number="8" hits="0" branch="false"/>
                        <line number="8" hits="0" branch="false"/>
                    </lines>
</class>
            </classes>
        </package>
        <package name="com.graboids.alpha.service.users" line-rate="0.47" branch-rate="1.00" complexity="0">
            <classes>
                <class 
                name="com.graboids.alpha.service.users.Routes" filename="com/graboids/alpha/service/users/Routes.scala" line-rate="1.00" branch-rate="1.00" complexity="0">
                    <methods>
                        <method 
                        name="com.graboids.alpha.service.users/Routes/index" signature="()V" line-rate="1.00" branch-rate="1.00" complexity="0">
                            <lines>
                                <line number="35" hits="1" branch="false"/>
                                <line number="34" hits="1" branch="false"/>
                                <line number="35" hits="1" branch="false"/>
                                <line number="33" hits="1" branch="false"/>
                                <line number="35" hits="1" branch="false"/>
                                <line number="35" hits="1" branch="false"/>
                                <line number="33" hits="1" branch="false"/>
                                <line number="35" hits="1" branch="false"/>
                                <line number="34" hits="1" branch="false"/>
                                <line number="35" hits="1" branch="false"/>
                                <line number="35" hits="1" branch="false"/>
                                <line number="35" hits="1" branch="false"/>
                                <line number="34" hits="1" branch="false"/>
                                <line number="35" hits="1" branch="false"/>
                            </lines>
</method>
                        <method 
                        name="com.graboids.alpha.service.users/Routes/users" signature="()V" line-rate="1.00" branch-rate="1.00" complexity="0">
                            <lines>
                                <line number="20" hits="1" branch="false"/>
                                <line number="20" hits="1" branch="false"/>
                                <line number="20" hits="1" branch="false"/>
                                <line number="20" hits="1" branch="false"/>
                                <line number="20" hits="1" branch="false"/>
                                <line number="19" hits="1" branch="false"/>
                                <line number="18" hits="1" branch="false"/>
                                <line number="19" hits="1" branch="false"/>
                                <line number="17" hits="1" branch="false"/>
                                <line number="18" hits="1" branch="false"/>
                                <line number="17" hits="1" branch="false"/>
                                <line number="20" hits="1" branch="false"/>
                                <line number="18" hits="1" branch="false"/>
                                <line number="20" hits="1" branch="false"/>
                                <line number="20" hits="1" branch="false"/>
                                <line number="18" hits="1" branch="false"/>
                                <line number="17" hits="1" branch="false"/>
                                <line number="18" hits="1" branch="false"/>
                            </lines>
</method>
                        <method 
                        name="com.graboids.alpha.service.users/Routes/user" signature="()V" line-rate="1.00" branch-rate="1.00" complexity="0">
                            <lines>
                                <line number="26" hits="1" branch="false"/>
                                <line number="28" hits="1" branch="false"/>
                                <line number="28" hits="1" branch="false"/>
                                <line number="28" hits="1" branch="false"/>
                                <line number="25" hits="1" branch="false"/>
                                <line number="27" hits="1" branch="false"/>
                                <line number="25" hits="1" branch="false"/>
                                <line number="26" hits="1" branch="false"/>
                                <line number="25" hits="1" branch="false"/>
                                <line number="28" hits="1" branch="false"/>
                                <line number="26" hits="1" branch="false"/>
                                <line number="25" hits="1" branch="false"/>
                                <line number="28" hits="1" branch="false"/>
                                <line number="25" hits="1" branch="false"/>
                                <line number="25" hits="1" branch="false"/>
                                <line number="28" hits="1" branch="false"/>
                                <line number="26" hits="1" branch="false"/>
                                <line number="28" hits="1" branch="false"/>
                                <line number="26" hits="1" branch="false"/>
                                <line number="25" hits="1" branch="false"/>
                                <line number="27" hits="1" branch="false"/>
                                <line number="28" hits="1" branch="false"/>
                            </lines>
</method>
                        <method 
                        name="com.graboids.alpha.service.users/Routes/routes" signature="()V" line-rate="1.00" branch-rate="1.00" complexity="0">
                            <lines>
                                <line number="15" hits="1" branch="false"/>
                                <line number="15" hits="1" branch="false"/>
                                <line number="15" hits="1" branch="false"/>
                                <line number="15" hits="1" branch="false"/>
                                <line number="15" hits="1" branch="false"/>
                                <line number="15" hits="1" branch="false"/>
                                <line number="15" hits="1" branch="false"/>
                            </lines>
</method>
                    </methods>
                    <lines>
                        <line number="26" hits="1" branch="false"/>
                        <line number="35" hits="1" branch="false"/>
                        <line number="28" hits="1" branch="false"/>
                        <line number="20" hits="1" branch="false"/>
                        <line number="34" hits="1" branch="false"/>
                        <line number="28" hits="1" branch="false"/>
                        <line number="35" hits="1" branch="false"/>
                        <line number="20" hits="1" branch="false"/>
                        <line number="28" hits="1" branch="false"/>
                        <line number="33" hits="1" branch="false"/>
                        <line number="20" hits="1" branch="false"/>
                        <line number="25" hits="1" branch="false"/>
                        <line number="27" hits="1" branch="false"/>
                        <line number="20" hits="1" branch="false"/>
                        <line number="35" hits="1" branch="false"/>
                        <line number="25" hits="1" branch="false"/>
                        <line number="20" hits="1" branch="false"/>
                        <line number="19" hits="1" branch="false"/>
                        <line number="26" hits="1" branch="false"/>
                        <line number="15" hits="1" branch="false"/>
                        <line number="35" hits="1" branch="false"/>
                        <line number="18" hits="1" branch="false"/>
                        <line number="15" hits="1" branch="false"/>
                        <line number="15" hits="1" branch="false"/>
                        <line number="19" hits="1" branch="false"/>
                        <line number="33" hits="1" branch="false"/>
                        <line number="17" hits="1" branch="false"/>
                        <line number="25" hits="1" branch="false"/>
                        <line number="28" hits="1" branch="false"/>
                        <line number="15" hits="1" branch="false"/>
                        <line number="15" hits="1" branch="false"/>
                        <line number="26" hits="1" branch="false"/>
                        <line number="25" hits="1" branch="false"/>
                        <line number="35" hits="1" branch="false"/>
                        <line number="18" hits="1" branch="false"/>
                        <line number="28" hits="1" branch="false"/>
                        <line number="34" hits="1" branch="false"/>
                        <line number="25" hits="1" branch="false"/>
                        <line number="17" hits="1" branch="false"/>
                        <line number="35" hits="1" branch="false"/>
                        <line number="35" hits="1" branch="false"/>
                        <line number="35" hits="1" branch="false"/>
                        <line number="20" hits="1" branch="false"/>
                        <line number="18" hits="1" branch="false"/>
                        <line number="25" hits="1" branch="false"/>
                        <line number="28" hits="1" branch="false"/>
                        <line number="34" hits="1" branch="false"/>
                        <line number="26" hits="1" branch="false"/>
                        <line number="15" hits="1" branch="false"/>
                        <line number="35" hits="1" branch="false"/>
                        <line number="20" hits="1" branch="false"/>
                        <line number="28" hits="1" branch="false"/>
                        <line number="20" hits="1" branch="false"/>
                        <line number="18" hits="1" branch="false"/>
                        <line number="26" hits="1" branch="false"/>
                        <line number="25" hits="1" branch="false"/>
                        <line number="17" hits="1" branch="false"/>
                        <line number="18" hits="1" branch="false"/>
                        <line number="27" hits="1" branch="false"/>
                        <line number="28" hits="1" branch="false"/>
                        <line number="15" hits="1" branch="false"/>
                    </lines>
</class>
                <class 
                name="com.graboids.alpha.service.users.Users" filename="com/graboids/alpha/service/users/Users.scala" line-rate="0.00" branch-rate="0.00" complexity="0">
                    <methods>
                        <method 
                        name="com.graboids.alpha.service.users/Users/resolveApplication" signature="()V" line-rate="0.00" branch-rate="0.00" complexity="0">
                            <lines>
                                <line number="48" hits="0" branch="false"/>
                                <line number="48" hits="0" branch="false"/>
                                <line number="48" hits="0" branch="false"/>
                                <line number="48" hits="0" branch="false"/>
                                <line number="48" hits="0" branch="false"/>
                                <line number="48" hits="0" branch="false"/>
                                <line number="48" hits="0" branch="false"/>
                            </lines>
</method>
                        <method 
                        name="com.graboids.alpha.service.users/Users/run" signature="()V" line-rate="0.00" branch-rate="0.00" complexity="0">
                            <lines>
                                <line number="23" hits="0" branch="false"/>
                                <line number="25" hits="0" branch="false"/>
                                <line number="24" hits="0" branch="false"/>
                                <line number="23" hits="0" branch="false"/>
                                <line number="23" hits="0" branch="false"/>
                                <line number="24" hits="0" branch="false"/>
                                <line number="23" hits="0" branch="false"/>
                            </lines>
</method>
                        <method 
                        name="com.graboids.alpha.service.users/Users/logStarting" signature="()V" line-rate="0.00" branch-rate="0.00" complexity="0">
                            <lines>
                                <line number="41" hits="0" branch="false"/>
                                <line number="41" hits="0" branch="false"/>
                                <line number="41" hits="0" branch="false"/>
                                <line number="41" hits="0" branch="false"/>
                                <line number="41" hits="0" branch="false"/>
                            </lines>
</method>
                        <method 
                        name="com.graboids.alpha.service.users/Users/logStarted" signature="()V" line-rate="0.00" branch-rate="0.00" complexity="0">
                            <lines>
                                <line number="45" hits="0" branch="false"/>
                                <line number="46" hits="0" branch="false"/>
                                <line number="46" hits="0" branch="false"/>
                                <line number="46" hits="0" branch="false"/>
                                <line number="46" hits="0" branch="false"/>
                                <line number="46" hits="0" branch="false"/>
                                <line number="44" hits="0" branch="false"/>
                                <line number="45" hits="0" branch="false"/>
                                <line number="44" hits="0" branch="false"/>
                            </lines>
</method>
                        <method 
                        name="com.graboids.alpha.service.users/Users/process" signature="()V" line-rate="0.00" branch-rate="0.00" complexity="0">
                            <lines>
                                <line number="30" hits="0" branch="false"/>
                                <line number="32" hits="0" branch="false"/>
                                <line number="31" hits="0" branch="false"/>
                                <line number="29" hits="0" branch="false"/>
                                <line number="33" hits="0" branch="false"/>
                                <line number="31" hits="0" branch="false"/>
                                <line number="32" hits="0" branch="false"/>
                                <line number="29" hits="0" branch="false"/>
                            </lines>
</method>
                        <method 
                        name="com.graboids.alpha.service.users/Users/startHttp" signature="()V" line-rate="0.00" branch-rate="0.00" complexity="0">
                            <lines>
                                <line number="37" hits="0" branch="false"/>
                                <line number="38" hits="0" branch="false"/>
                                <line number="39" hits="0" branch="false"/>
                                <line number="39" hits="0" branch="false"/>
                                <line number="39" hits="0" branch="false"/>
                                <line number="37" hits="0" branch="false"/>
                                <line number="36" hits="0" branch="false"/>
                                <line number="39" hits="0" branch="false"/>
                                <line number="38" hits="0" branch="false"/>
                                <line number="39" hits="0" branch="false"/>
                                <line number="39" hits="0" branch="false"/>
                                <line number="36" hits="0" branch="false"/>
                                <line number="39" hits="0" branch="false"/>
                                <line number="39" hits="0" branch="false"/>
                                <line number="39" hits="0" branch="false"/>
                                <line number="39" hits="0" branch="false"/>
                                <line number="36" hits="0" branch="false"/>
                                <line number="39" hits="0" branch="false"/>
                                <line number="39" hits="0" branch="false"/>
                                <line number="39" hits="0" branch="false"/>
                                <line number="39" hits="0" branch="false"/>
                                <line number="39" hits="0" branch="false"/>
                                <line number="39" hits="0" branch="false"/>
                                <line number="39" hits="0" branch="false"/>
                                <line number="39" hits="0" branch="false"/>
                                <line number="39" hits="0" branch="false"/>
                                <line number="39" hits="0" branch="false"/>
                            </lines>
</method>
                    </methods>
                    <lines>
                        <line number="45" hits="0" branch="false"/>
                        <line number="37" hits="0" branch="false"/>
                        <line number="38" hits="0" branch="false"/>
                        <line number="48" hits="0" branch="false"/>
                        <line number="39" hits="0" branch="false"/>
                        <line number="39" hits="0" branch="false"/>
                        <line number="39" hits="0" branch="false"/>
                        <line number="37" hits="0" branch="false"/>
                        <line number="23" hits="0" branch="false"/>
                        <line number="25" hits="0" branch="false"/>
                        <line number="48" hits="0" branch="false"/>
                        <line number="41" hits="0" branch="false"/>
                        <line number="30" hits="0" branch="false"/>
                        <line number="32" hits="0" branch="false"/>
                        <line number="36" hits="0" branch="false"/>
                        <line number="39" hits="0" branch="false"/>
                        <line number="38" hits="0" branch="false"/>
                        <line number="48" hits="0" branch="false"/>
                        <line number="39" hits="0" branch="false"/>
                        <line number="39" hits="0" branch="false"/>
                        <line number="36" hits="0" branch="false"/>
                        <line number="46" hits="0" branch="false"/>
                        <line number="41" hits="0" branch="false"/>
                        <line number="39" hits="0" branch="false"/>
                        <line number="24" hits="0" branch="false"/>
                        <line number="39" hits="0" branch="false"/>
                        <line number="39" hits="0" branch="false"/>
                        <line number="39" hits="0" branch="false"/>
                        <line number="36" hits="0" branch="false"/>
                        <line number="39" hits="0" branch="false"/>
                        <line number="23" hits="0" branch="false"/>
                        <line number="39" hits="0" branch="false"/>
                        <line number="39" hits="0" branch="false"/>
                        <line number="46" hits="0" branch="false"/>
                        <line number="46" hits="0" branch="false"/>
                        <line number="31" hits="0" branch="false"/>
                        <line number="39" hits="0" branch="false"/>
                        <line number="39" hits="0" branch="false"/>
                        <line number="29" hits="0" branch="false"/>
                        <line number="23" hits="0" branch="false"/>
                        <line number="48" hits="0" branch="false"/>
                        <line number="48" hits="0" branch="false"/>
                        <line number="24" hits="0" branch="false"/>
                        <line number="39" hits="0" branch="false"/>
                        <line number="48" hits="0" branch="false"/>
                        <line number="46" hits="0" branch="false"/>
                        <line number="33" hits="0" branch="false"/>
                        <line number="39" hits="0" branch="false"/>
                        <line number="39" hits="0" branch="false"/>
                        <line number="31" hits="0" branch="false"/>
                        <line number="41" hits="0" branch="false"/>
                        <line number="46" hits="0" branch="false"/>
                        <line number="44" hits="0" branch="false"/>
                        <line number="41" hits="0" branch="false"/>
                        <line number="32" hits="0" branch="false"/>
                        <line number="41" hits="0" branch="false"/>
                        <line number="23" hits="0" branch="false"/>
                        <line number="45" hits="0" branch="false"/>
                        <line number="44" hits="0" branch="false"/>
                        <line number="48" hits="0" branch="false"/>
                        <line number="29" hits="0" branch="false"/>
                        <line number="39" hits="0" branch="false"/>
                        <line number="39" hits="0" branch="false"/>
                    </lines>
</class>
                <class 
                name="com.graboids.alpha.service.users.Environment" filename="com/graboids/alpha/service/users/Environment.scala" line-rate="0.00" branch-rate="0.00" complexity="0">
                    <methods>
                        <method 
                        name="com.graboids.alpha.service.users/Environment/&lt;none&gt;" signature="()V" line-rate="0.00" branch-rate="0.00" complexity="0">
                            <lines>
                                <line number="9" hits="0" branch="false"/>
                                <line number="10" hits="0" branch="false"/>
                                <line number="10" hits="0" branch="false"/>
                                <line number="10" hits="0" branch="false"/>
                                <line number="10" hits="0" branch="false"/>
                            </lines>
</method>
                        <method 
                        name="com.graboids.alpha.service.users/Environment/executionContext" signature="()V" line-rate="0.00" branch-rate="0.00" complexity="0">
                            <lines>
                                <line number="12" hits="0" branch="false"/>
                            </lines>
</method>
                    </methods>
                    <lines>
                        <line number="9" hits="0" branch="false"/>
                        <line number="10" hits="0" branch="false"/>
                        <line number="10" hits="0" branch="false"/>
                        <line number="10" hits="0" branch="false"/>
                        <line number="10" hits="0" branch="false"/>
                        <line number="12" hits="0" branch="false"/>
                    </lines>
</class>
            </classes>
        </package>
        <package name="com.graboids.alpha.service.users.app" line-rate="0.50" branch-rate="1.00" complexity="0">
            <classes>
                <class 
                name="com.graboids.alpha.service.users.app.AppReaders" filename="com/graboids/alpha/service/users/app/AppReaders.scala" line-rate="0.50" branch-rate="1.00" complexity="0">
                    <methods>
                        <method 
                        name="com.graboids.alpha.service.users.app/AppReaders/serverHost" signature="()V" line-rate="0.00" branch-rate="0.00" complexity="0">
                            <lines>
                                <line number="16" hits="0" branch="false"/>
                                <line number="16" hits="0" branch="false"/>
                                <line number="16" hits="0" branch="false"/>
                            </lines>
</method>
                        <method 
                        name="com.graboids.alpha.service.users.app/AppReaders/corsOrigin" signature="()V" line-rate="1.00" branch-rate="1.00" complexity="0">
                            <lines>
                                <line number="14" hits="1" branch="false"/>
                                <line number="14" hits="1" branch="false"/>
                                <line number="14" hits="1" branch="false"/>
                            </lines>
</method>
                        <method 
                        name="com.graboids.alpha.service.users.app/AppReaders/readApp" signature="()V" line-rate="1.00" branch-rate="1.00" complexity="0">
                            <lines>
                                <line number="11" hits="1" branch="false"/>
                            </lines>
</method>
                        <method 
                        name="com.graboids.alpha.service.users.app/AppReaders/serverPort" signature="()V" line-rate="0.00" branch-rate="0.00" complexity="0">
                            <lines>
                                <line number="15" hits="0" branch="false"/>
                                <line number="15" hits="0" branch="false"/>
                                <line number="15" hits="0" branch="false"/>
                            </lines>
</method>
                        <method 
                        name="com.graboids.alpha.service.users.app/AppReaders/srvConfig" signature="()V" line-rate="1.00" branch-rate="1.00" complexity="0">
                            <lines>
                                <line number="13" hits="1" branch="false"/>
                                <line number="13" hits="1" branch="false"/>
                            </lines>
</method>
                    </methods>
                    <lines>
                        <line number="11" hits="1" branch="false"/>
                        <line number="14" hits="1" branch="false"/>
                        <line number="16" hits="0" branch="false"/>
                        <line number="14" hits="1" branch="false"/>
                        <line number="16" hits="0" branch="false"/>
                        <line number="15" hits="0" branch="false"/>
                        <line number="13" hits="1" branch="false"/>
                        <line number="15" hits="0" branch="false"/>
                        <line number="14" hits="1" branch="false"/>
                        <line number="16" hits="0" branch="false"/>
                        <line number="13" hits="1" branch="false"/>
                        <line number="15" hits="0" branch="false"/>
                    </lines>
</class>
            </classes>
        </package>
        <package name="com.graboids.alpha.service.users.config" line-rate="0.77" branch-rate="1.00" complexity="0">
            <classes>
                <class 
                name="com.graboids.alpha.service.users.config.ConfigParsing" filename="com/graboids/alpha/service/users/config/ConfigParsing.scala" line-rate="1.00" branch-rate="1.00" complexity="0">
                    <methods>
                        <method 
                        name="com.graboids.alpha.service.users.config/ConfigParsing/resolveRoot" signature="()V" line-rate="1.00" branch-rate="1.00" complexity="0">
                            <lines>
                                <line number="9" hits="1" branch="false"/>
                                <line number="9" hits="1" branch="false"/>
                                <line number="9" hits="1" branch="false"/>
                            </lines>
</method>
                        <method 
                        name="com.graboids.alpha.service.users.config/ConfigParsing/resolveConfig" signature="()V" line-rate="1.00" branch-rate="1.00" complexity="0">
                            <lines>
                                <line number="12" hits="1" branch="false"/>
                                <line number="12" hits="1" branch="false"/>
                                <line number="12" hits="1" branch="false"/>
                                <line number="12" hits="1" branch="false"/>
                                <line number="12" hits="1" branch="false"/>
                                <line number="12" hits="1" branch="false"/>
                                <line number="12" hits="1" branch="false"/>
                                <line number="12" hits="1" branch="false"/>
                                <line number="12" hits="1" branch="false"/>
                                <line number="12" hits="1" branch="false"/>
                                <line number="12" hits="1" branch="false"/>
                            </lines>
</method>
                    </methods>
                    <lines>
                        <line number="12" hits="1" branch="false"/>
                        <line number="12" hits="1" branch="false"/>
                        <line number="12" hits="1" branch="false"/>
                        <line number="9" hits="1" branch="false"/>
                        <line number="12" hits="1" branch="false"/>
                        <line number="12" hits="1" branch="false"/>
                        <line number="12" hits="1" branch="false"/>
                        <line number="9" hits="1" branch="false"/>
                        <line number="12" hits="1" branch="false"/>
                        <line number="12" hits="1" branch="false"/>
                        <line number="12" hits="1" branch="false"/>
                        <line number="12" hits="1" branch="false"/>
                        <line number="9" hits="1" branch="false"/>
                        <line number="12" hits="1" branch="false"/>
                    </lines>
</class>
                <class 
                name="com.graboids.alpha.service.users.config.ConfigReaders" filename="com/graboids/alpha/service/users/config/ConfigReaders.scala" line-rate="0.50" branch-rate="1.00" complexity="0">
                    <methods>
                        <method 
                        name="com.graboids.alpha.service.users.config/ConfigReaders/serverConfig" signature="()V" line-rate="1.00" branch-rate="1.00" complexity="0">
                            <lines>
                                <line number="11" hits="1" branch="false"/>
                                <line number="11" hits="1" branch="false"/>
                            </lines>
</method>
                        <method 
                        name="com.graboids.alpha.service.users.config/ConfigReaders/port" signature="()V" line-rate="0.00" branch-rate="0.00" complexity="0">
                            <lines>
                                <line number="13" hits="0" branch="false"/>
                                <line number="13" hits="0" branch="false"/>
                                <line number="13" hits="0" branch="false"/>
                            </lines>
</method>
                        <method 
                        name="com.graboids.alpha.service.users.config/ConfigReaders/host" signature="()V" line-rate="0.00" branch-rate="0.00" complexity="0">
                            <lines>
                                <line number="14" hits="0" branch="false"/>
                                <line number="14" hits="0" branch="false"/>
                                <line number="14" hits="0" branch="false"/>
                            </lines>
</method>
                        <method 
                        name="com.graboids.alpha.service.users.config/ConfigReaders/corsOrigin" signature="()V" line-rate="1.00" branch-rate="1.00" complexity="0">
                            <lines>
                                <line number="12" hits="1" branch="false"/>
                                <line number="12" hits="1" branch="false"/>
                                <line number="12" hits="1" branch="false"/>
                            </lines>
</method>
                        <method 
                        name="com.graboids.alpha.service.users.config/ConfigReaders/readConfig" signature="()V" line-rate="1.00" branch-rate="1.00" complexity="0">
                            <lines>
                                <line number="9" hits="1" branch="false"/>
                            </lines>
</method>
                    </methods>
                    <lines>
                        <line number="13" hits="0" branch="false"/>
                        <line number="13" hits="0" branch="false"/>
                        <line number="12" hits="1" branch="false"/>
                        <line number="14" hits="0" branch="false"/>
                        <line number="13" hits="0" branch="false"/>
                        <line number="14" hits="0" branch="false"/>
                        <line number="9" hits="1" branch="false"/>
                        <line number="11" hits="1" branch="false"/>
                        <line number="12" hits="1" branch="false"/>
                        <line number="12" hits="1" branch="false"/>
                        <line number="14" hits="0" branch="false"/>
                        <line number="11" hits="1" branch="false"/>
                    </lines>
</class>
            </classes>
        </package>
        <package name="com.graboids.alpha.service.users.dtos" line-rate="0.95" branch-rate="1.00" complexity="0">
            <classes>
                <class 
                name="com.graboids.alpha.service.users.dtos.Entities" filename="com/graboids/alpha/service/users/dtos/Entities.scala" line-rate="0.94" branch-rate="1.00" complexity="0">
                    <methods>
                        <method 
                        name="com.graboids.alpha.service.users.dtos/Entities/read" signature="()V" line-rate="0.75" branch-rate="1.00" complexity="0">
                            <lines>
                                <line number="9" hits="1" branch="false"/>
                                <line number="8" hits="1" branch="false"/>
                                <line number="9" hits="1" branch="false"/>
                                <line number="10" hits="0" branch="false"/>
                            </lines>
</method>
                        <method 
                        name="com.graboids.alpha.service.users.dtos/Entities/write" signature="()V" line-rate="1.00" branch-rate="1.00" complexity="0">
                            <lines>
                                <line number="16" hits="1" branch="false"/>
                                <line number="13" hits="1" branch="false"/>
                                <line number="17" hits="1" branch="false"/>
                                <line number="17" hits="1" branch="false"/>
                                <line number="18" hits="1" branch="false"/>
                                <line number="7" hits="1" branch="false"/>
                                <line number="17" hits="1" branch="false"/>
                                <line number="18" hits="1" branch="false"/>
                                <line number="16" hits="1" branch="false"/>
                                <line number="16" hits="1" branch="false"/>
                                <line number="16" hits="1" branch="false"/>
                                <line number="18" hits="1" branch="false"/>
                                <line number="17" hits="1" branch="false"/>
                            </lines>
</method>
                    </methods>
                    <lines>
                        <line number="16" hits="1" branch="false"/>
                        <line number="9" hits="1" branch="false"/>
                        <line number="13" hits="1" branch="false"/>
                        <line number="17" hits="1" branch="false"/>
                        <line number="17" hits="1" branch="false"/>
                        <line number="18" hits="1" branch="false"/>
                        <line number="7" hits="1" branch="false"/>
                        <line number="17" hits="1" branch="false"/>
                        <line number="8" hits="1" branch="false"/>
                        <line number="18" hits="1" branch="false"/>
                        <line number="16" hits="1" branch="false"/>
                        <line number="9" hits="1" branch="false"/>
                        <line number="10" hits="0" branch="false"/>
                        <line number="16" hits="1" branch="false"/>
                        <line number="16" hits="1" branch="false"/>
                        <line number="18" hits="1" branch="false"/>
                        <line number="17" hits="1" branch="false"/>
                    </lines>
</class>
                <class 
                name="com.graboids.alpha.service.users.dtos.UserReaders" filename="com/graboids/alpha/service/users/dtos/User.scala" line-rate="1.00" branch-rate="1.00" complexity="0">
                    <methods>
                        <method 
                        name="com.graboids.alpha.service.users.dtos/UserReaders/userName" signature="()V" line-rate="1.00" branch-rate="1.00" complexity="0">
                            <lines>
                                <line number="13" hits="1" branch="false"/>
                                <line number="13" hits="1" branch="false"/>
                            </lines>
</method>
                        <method 
                        name="com.graboids.alpha.service.users.dtos/UserReaders/readUser" signature="()V" line-rate="1.00" branch-rate="1.00" complexity="0">
                            <lines>
                                <line number="11" hits="1" branch="false"/>
                            </lines>
</method>
                        <method 
                        name="com.graboids.alpha.service.users.dtos/UserReaders/userID" signature="()V" line-rate="1.00" branch-rate="1.00" complexity="0">
                            <lines>
                                <line number="14" hits="1" branch="false"/>
                                <line number="14" hits="1" branch="false"/>
                            </lines>
</method>
                    </methods>
                    <lines>
                        <line number="13" hits="1" branch="false"/>
                        <line number="14" hits="1" branch="false"/>
                        <line number="14" hits="1" branch="false"/>
                        <line number="13" hits="1" branch="false"/>
                        <line number="11" hits="1" branch="false"/>
                    </lines>
</class>
            </classes>
        </package>
        <package name="com.graboids.config" line-rate="1.00" branch-rate="1.00" complexity="0">
            <classes>
                <class 
                name="com.graboids.config.Configuration" filename="com/graboids/config/Configuration.scala" line-rate="1.00" branch-rate="1.00" complexity="0">
                    <methods>
                        <method 
                        name="com.graboids.config/Configuration/resolve" signature="()V" line-rate="1.00" branch-rate="1.00" complexity="0">
                            <lines>
                                <line number="42" hits="1" branch="false"/>
                                <line number="45" hits="1" branch="false"/>
                                <line number="45" hits="1" branch="false"/>
                                <line number="45" hits="1" branch="false"/>
                                <line number="51" hits="1" branch="false"/>
                            </lines>
</method>
                    </methods>
                    <lines>
                        <line number="42" hits="1" branch="false"/>
                        <line number="45" hits="1" branch="false"/>
                        <line number="45" hits="1" branch="false"/>
                        <line number="45" hits="1" branch="false"/>
                        <line number="51" hits="1" branch="false"/>
                    </lines>
</class>
            </classes>
        </package>
        <package name="com.graboids.config.hocon" line-rate="1.00" branch-rate="1.00" complexity="0">
            <classes>
                <class 
                name="com.graboids.config.hocon.Configs" filename="com/graboids/config/hocon/Configs.scala" line-rate="1.00" branch-rate="1.00" complexity="0">
                    <methods>
                        <method 
                        name="com.graboids.config.hocon/Configs/fromEmpty" signature="()V" line-rate="1.00" branch-rate="1.00" complexity="0">
                            <lines>
                                <line number="17" hits="1" branch="false"/>
                                <line number="17" hits="1" branch="false"/>
                            </lines>
</method>
                        <method 
                        name="com.graboids.config.hocon/Configs/fromString" signature="()V" line-rate="1.00" branch-rate="1.00" complexity="0">
                            <lines>
                                <line number="14" hits="1" branch="false"/>
                                <line number="14" hits="1" branch="false"/>
                            </lines>
</method>
                        <method 
                        name="com.graboids.config.hocon/Configs/fromEnv" signature="()V" line-rate="1.00" branch-rate="1.00" complexity="0">
                            <lines>
                                <line number="16" hits="1" branch="false"/>
                                <line number="16" hits="1" branch="false"/>
                            </lines>
</method>
                        <method 
                        name="com.graboids.config.hocon/Configs/&lt;none&gt;" signature="()V" line-rate="1.00" branch-rate="1.00" complexity="0">
                            <lines>
                                <line number="10" hits="1" branch="false"/>
                                <line number="12" hits="1" branch="false"/>
                                <line number="11" hits="1" branch="false"/>
                            </lines>
</method>
                        <method 
                        name="com.graboids.config.hocon/Configs/fromResource" signature="()V" line-rate="1.00" branch-rate="1.00" complexity="0">
                            <lines>
                                <line number="15" hits="1" branch="false"/>
                                <line number="15" hits="1" branch="false"/>
                            </lines>
</method>
                    </methods>
                    <lines>
                        <line number="15" hits="1" branch="false"/>
                        <line number="17" hits="1" branch="false"/>
                        <line number="15" hits="1" branch="false"/>
                        <line number="16" hits="1" branch="false"/>
                        <line number="16" hits="1" branch="false"/>
                        <line number="10" hits="1" branch="false"/>
                        <line number="12" hits="1" branch="false"/>
                        <line number="17" hits="1" branch="false"/>
                        <line number="11" hits="1" branch="false"/>
                        <line number="14" hits="1" branch="false"/>
                        <line number="14" hits="1" branch="false"/>
                    </lines>
</class>
            </classes>
        </package>
        <package name="com.graboids.fp" line-rate="1.00" branch-rate="1.00" complexity="0">
            <classes>
                <class 
                name="com.graboids.fp.SafeOps" filename="com/graboids/fp/Validations.scala" line-rate="1.00" branch-rate="1.00" complexity="0">
                    <methods>
                        <method name="com.graboids.fp/SafeOps/io" signature="()V" line-rate="1.00" branch-rate="1.00" complexity="0">
                            <lines>
                                <line number="87" hits="1" branch="false"/>
                                <line number="86" hits="1" branch="false"/>
                                <line number="88" hits="1" branch="false"/>
                            </lines>
                        </method>
                    </methods>
                    <lines>
                        <line number="87" hits="1" branch="false"/>
                        <line number="86" hits="1" branch="false"/>
                        <line number="88" hits="1" branch="false"/>
                    </lines>
</class>
                <class 
                name="com.graboids.fp.SafelyOps" filename="com/graboids/fp/Validations.scala" line-rate="1.00" branch-rate="1.00" complexity="0">
                    <methods>
                        <method name="com.graboids.fp/SafelyOps/|||" signature="()V" line-rate="1.00" branch-rate="1.00" complexity="0">
                            <lines>
                                <line number="75" hits="1" branch="false"/>
                                <line number="79" hits="1" branch="false"/>
                                <line number="79" hits="1" branch="false"/>
                                <line number="77" hits="1" branch="false"/>
                                <line number="76" hits="1" branch="false"/>
                                <line number="78" hits="1" branch="false"/>
                                <line number="74" hits="1" branch="false"/>
                            </lines>
                        </method>
                    </methods>
                    <lines>
                        <line number="75" hits="1" branch="false"/>
                        <line number="79" hits="1" branch="false"/>
                        <line number="79" hits="1" branch="false"/>
                        <line number="77" hits="1" branch="false"/>
                        <line number="76" hits="1" branch="false"/>
                        <line number="78" hits="1" branch="false"/>
                        <line number="74" hits="1" branch="false"/>
                    </lines>
</class>
                <class 
                name="com.graboids.fp.NaturalTransformations" filename="com/graboids/fp/NaturalTransformations.scala" line-rate="1.00" branch-rate="1.00" complexity="0">
                    <methods>
                        <method 
                        name="com.graboids.fp/NaturalTransformations/apply" signature="()V" line-rate="1.00" branch-rate="1.00" complexity="0">
                            <lines>
                                <line number="7" hits="1" branch="false"/>
                                <line number="9" hits="1" branch="false"/>
                                <line number="10" hits="1" branch="false"/>
                            </lines>
</method>
                    </methods>
                    <lines>
                        <line number="7" hits="1" branch="false"/>
                        <line number="9" hits="1" branch="false"/>
                        <line number="10" hits="1" branch="false"/>
                    </lines>
</class>
                <class 
                name="com.graboids.fp.FishOps" filename="com/graboids/fp/Validations.scala" line-rate="1.00" branch-rate="1.00" complexity="0">
                    <methods>
                        <method name="com.graboids.fp/FishOps/lift" signature="()V" line-rate="1.00" branch-rate="1.00" complexity="0">
                            <lines>
                                <line number="56" hits="1" branch="false"/>
                                <line number="55" hits="1" branch="false"/>
                            </lines>
                        </method>
                    </methods>
                    <lines>
                        <line number="56" hits="1" branch="false"/>
                        <line number="55" hits="1" branch="false"/>
                    </lines>
</class>
                <class 
                name="com.graboids.fp.Disjunctions" filename="com/graboids/fp/Disjunctions.scala" line-rate="1.00" branch-rate="1.00" complexity="0">
                    <methods>
                        <method name="com.graboids.fp/Disjunctions/injectL" signature="()V" line-rate="1.00" branch-rate="1.00" complexity="0">
                            <lines>
                                <line number="16" hits="1" branch="false"/>
                            </lines>
                        </method>
                        <method name="com.graboids.fp/Disjunctions/point" signature="()V" line-rate="1.00" branch-rate="1.00" complexity="0">
                            <lines>
                                <line number="19" hits="1" branch="false"/>
                            </lines>
                        </method>
                        <method name="com.graboids.fp/Disjunctions/ap" signature="()V" line-rate="1.00" branch-rate="1.00" complexity="0">
                            <lines>
                                <line number="25" hits="1" branch="false"/>
                                <line number="22" hits="1" branch="false"/>
                                <line number="22" hits="1" branch="false"/>
                                <line number="24" hits="1" branch="false"/>
                                <line number="23" hits="1" branch="false"/>
                                <line number="23" hits="1" branch="false"/>
                            </lines>
                        </method>
                        <method name="com.graboids.fp/Disjunctions/bind" signature="()V" line-rate="1.00" branch-rate="1.00" complexity="0">
                            <lines>
                                <line number="18" hits="1" branch="false"/>
                                <line number="29" hits="1" branch="false"/>
                                <line number="30" hits="1" branch="false"/>
                            </lines>
                        </method>
                        <method name="com.graboids.fp/Disjunctions/injectR" signature="()V" line-rate="1.00" branch-rate="1.00" complexity="0">
                            <lines>
                                <line number="15" hits="1" branch="false"/>
                            </lines>
                        </method>
                    </methods>
                    <lines>
                        <line number="18" hits="1" branch="false"/>
                        <line number="25" hits="1" branch="false"/>
                        <line number="22" hits="1" branch="false"/>
                        <line number="15" hits="1" branch="false"/>
                        <line number="22" hits="1" branch="false"/>
                        <line number="16" hits="1" branch="false"/>
                        <line number="19" hits="1" branch="false"/>
                        <line number="29" hits="1" branch="false"/>
                        <line number="24" hits="1" branch="false"/>
                        <line number="30" hits="1" branch="false"/>
                        <line number="23" hits="1" branch="false"/>
                        <line number="23" hits="1" branch="false"/>
                    </lines>
</class>
                <class 
                name="com.graboids.fp.Validations" filename="com/graboids/fp/Validations.scala" line-rate="1.00" branch-rate="1.00" complexity="0">
                    <methods>
                        <method name="com.graboids.fp/Validations/safeOps" signature="()V" line-rate="1.00" branch-rate="1.00" complexity="0">
                            <lines>
                                <line number="51" hits="1" branch="false"/>
                            </lines>
                        </method>
                        <method name="com.graboids.fp/Validations/safe" signature="()V" line-rate="1.00" branch-rate="1.00" complexity="0">
                            <lines>
                                <line number="36" hits="1" branch="false"/>
                                <line number="37" hits="1" branch="false"/>
                                <line number="38" hits="1" branch="false"/>
                            </lines>
                        </method>
                        <method name="com.graboids.fp/Validations/safely" signature="()V" line-rate="1.00" branch-rate="1.00" complexity="0">
                            <lines>
                                <line number="45" hits="1" branch="false"/>
                                <line number="45" hits="1" branch="false"/>
                            </lines>
                        </method>
                        <method name="com.graboids.fp/Validations/fishOps" signature="()V" line-rate="1.00" branch-rate="1.00" complexity="0">
                            <lines>
                                <line number="49" hits="1" branch="false"/>
                            </lines>
                        </method>
                        <method name="com.graboids.fp/Validations/fail" signature="()V" line-rate="1.00" branch-rate="1.00" complexity="0">
                            <lines>
                                <line number="41" hits="1" branch="false"/>
                                <line number="41" hits="1" branch="false"/>
                            </lines>
                        </method>
                        <method 
                        name="com.graboids.fp/Validations/safelyOps" signature="()V" line-rate="1.00" branch-rate="1.00" complexity="0">
                            <lines>
                                <line number="47" hits="1" branch="false"/>
                            </lines>
</method>
                    </methods>
                    <lines>
                        <line number="36" hits="1" branch="false"/>
                        <line number="49" hits="1" branch="false"/>
                        <line number="41" hits="1" branch="false"/>
                        <line number="37" hits="1" branch="false"/>
                        <line number="38" hits="1" branch="false"/>
                        <line number="51" hits="1" branch="false"/>
                        <line number="45" hits="1" branch="false"/>
                        <line number="45" hits="1" branch="false"/>
                        <line number="47" hits="1" branch="false"/>
                        <line number="41" hits="1" branch="false"/>
                    </lines>
</class>
                <class 
                name="com.graboids.fp.Kleislis" filename="com/graboids/fp/Kleislis.scala" line-rate="1.00" branch-rate="1.00" complexity="0">
                    <methods>
                        <method name="com.graboids.fp/Kleislis/always" signature="()V" line-rate="1.00" branch-rate="1.00" complexity="0">
                            <lines>
                                <line number="7" hits="1" branch="false"/>
                                <line number="7" hits="1" branch="false"/>
                            </lines>
                        </method>
                        <method name="com.graboids.fp/Kleislis/alwaysK" signature="()V" line-rate="1.00" branch-rate="1.00" complexity="0">
                            <lines>
                                <line number="8" hits="1" branch="false"/>
                            </lines>
                        </method>
                    </methods>
                    <lines>
                        <line number="7" hits="1" branch="false"/>
                        <line number="7" hits="1" branch="false"/>
                        <line number="8" hits="1" branch="false"/>
                    </lines>
</class>
            </classes>
        </package>
    </packages>
</coverage>
