<?xml version='1.0' encoding='UTF-8'?>
<testsuite hostname="Tardis" name="com.omd.fp.NaturalsTest" tests="2" errors="0" failures="0" skipped="0" time="0.025" timestamp="2019-05-13T23:53:33">
                     <properties>
[...]
</properties>
                     <testcase classname="com.omd.fp.NaturalsTest" name="Valid should convert to some value" time="0.005">
                                                 
                                               </testcase><testcase classname="com.omd.fp.NaturalsTest" name="Valid should convert to no value" time="0.02">
                                                 
                                               </testcase>
                     <system-out><![CDATA[]]></system-out>
                     <system-err><![CDATA[]]></system-err>
                   </testsuite>